Working SCRATCH directory is /scratch/pmc026/nchoong/run_conda/513818
Results will be stored in /group/pmc026/nchoong/QuantumTransformer/conda_results/513818
SLURM_SUBMIT_DIR is
/group/pmc026/nchoong/QuantumTransformer
total 140
drwxrwxr-x  3 nchoong nchoong      0 Oct  2 00:16 .
drwxrwxr-x 11 nchoong nchoong      0 Oct  2 00:16 ..
-rw-rw-r--  1 nchoong nchoong    173 Oct  2 00:16 config.py
drwxr-xr-x  4 nchoong nchoong      0 Oct  2 00:16 transformer
-rw-r--r--  1 nchoong nchoong 142466 Oct  2 00:16 yelp-strong.ipynb
Wed Oct  2 00:16:31 2024       
+-----------------------------------------------------------------------------------------+
| NVIDIA-SMI 550.54.14              Driver Version: 550.54.14      CUDA Version: 12.4     |
|-----------------------------------------+------------------------+----------------------+
| GPU  Name                 Persistence-M | Bus-Id          Disp.A | Volatile Uncorr. ECC |
| Fan  Temp   Perf          Pwr:Usage/Cap |           Memory-Usage | GPU-Util  Compute M. |
|                                         |                        |               MIG M. |
|=========================================+========================+======================|
|   0  Tesla V100-PCIE-32GB           Off |   00000000:3B:00.0 Off |                    0 |
| N/A   45C    P0             25W /  250W |       0MiB /  32768MiB |      0%      Default |
|                                         |                        |                  N/A |
+-----------------------------------------+------------------------+----------------------+
|   1  Tesla V100-PCIE-32GB           Off |   00000000:D8:00.0 Off |                    0 |
| N/A   30C    P0             23W /  250W |       0MiB /  32768MiB |      0%      Default |
|                                         |                        |                  N/A |
+-----------------------------------------+------------------------+----------------------+
                                                                                         
+-----------------------------------------------------------------------------------------+
| Processes:                                                                              |
|  GPU   GI   CI        PID   Type   Process name                              GPU Memory |
|        ID   ID                                                               Usage      |
|=========================================================================================|
|  No running processes found                                                             |
+-----------------------------------------------------------------------------------------+
Input Notebook:  ./yelp-strong.ipynb
Output Notebook: ./yelp-strong.papermill.ipynb
Executing:   0%|          | 0/11 [00:00<?, ?cell/s]Executing notebook with kernel: python3
Executing:   9%|▉         | 1/11 [00:02<00:26,  2.60s/cell]2024-10-02 00:16:41.837425: I tensorflow/core/util/port.cc:153] oneDNN custom operations are on. You may see slightly different numerical results due to floating-point round-off errors from different computation orders. To turn them off, set the environment variable `TF_ENABLE_ONEDNN_OPTS=0`.
2024-10-02 00:16:41.851202: E external/local_xla/xla/stream_executor/cuda/cuda_fft.cc:485] Unable to register cuFFT factory: Attempting to register factory for plugin cuFFT when one has already been registered
2024-10-02 00:16:41.867210: E external/local_xla/xla/stream_executor/cuda/cuda_dnn.cc:8454] Unable to register cuDNN factory: Attempting to register factory for plugin cuDNN when one has already been registered
2024-10-02 00:16:41.872090: E external/local_xla/xla/stream_executor/cuda/cuda_blas.cc:1452] Unable to register cuBLAS factory: Attempting to register factory for plugin cuBLAS when one has already been registered
2024-10-02 00:16:41.886510: I tensorflow/core/platform/cpu_feature_guard.cc:210] This TensorFlow binary is optimized to use available CPU instructions in performance-critical operations.
To enable the following instructions: AVX2 AVX512F AVX512_VNNI FMA, in other operations, rebuild TensorFlow with the appropriate compiler flags.
2024-10-02 00:16:44.251421: W tensorflow/compiler/tf2tensorrt/utils/py_utils.cc:38] TF-TRT Warning: Could not find TensorRT
Executing:  27%|██▋       | 3/11 [00:16<00:47,  5.91s/cell]Executing:  64%|██████▎   | 7/11 [18:31<12:31, 187.76s/cell]Executing:  82%|████████▏ | 9/11 [10:05:25<3:15:55, 5877.56s/cell]Executing:  91%|█████████ | 10/11 [10:05:26<1:19:25, 4765.85s/cell]Executing: 100%|██████████| 11/11 [10:05:35<00:00, 3303.24s/cell]  
mv /scratch/pmc026/nchoong/run_conda/513818 /group/pmc026/nchoong/QuantumTransformer/conda_results
Please see the /group/pmc026/nchoong/QuantumTransformer/conda_results directory for any output

Mothur MPI job started  at Wed Oct  2 00:16:30 AWST 2024
Mothur MPI job finished at Wed Oct  2 10:22:09 AWST 2024
