Working SCRATCH directory is /scratch/pmc026/nchoong/run_conda/480624
Results will be stored in /group/pmc026/nchoong/QuantumTransformer/conda_results/480624
SLURM_SUBMIT_DIR is
/group/pmc026/nchoong/QuantumTransformer
total 315
drwxrwxr-x 2 nchoong nchoong      0 Aug 20 00:53 .
drwxrwxr-x 5 nchoong nchoong      0 Aug 20 00:53 ..
-rw-r--r-- 1 nchoong nchoong 322468 Aug 20 00:53 2_angle_rz_basic_qvc-tc.ipynb
Tue Aug 20 00:53:46 2024       
+-----------------------------------------------------------------------------------------+
| NVIDIA-SMI 550.54.14              Driver Version: 550.54.14      CUDA Version: 12.4     |
|-----------------------------------------+------------------------+----------------------+
| GPU  Name                 Persistence-M | Bus-Id          Disp.A | Volatile Uncorr. ECC |
| Fan  Temp   Perf          Pwr:Usage/Cap |           Memory-Usage | GPU-Util  Compute M. |
|                                         |                        |               MIG M. |
|=========================================+========================+======================|
|   0  Tesla V100-PCIE-32GB           Off |   00000000:3B:00.0 Off |                    0 |
| N/A   30C    P0             23W /  250W |       0MiB /  32768MiB |      0%      Default |
|                                         |                        |                  N/A |
+-----------------------------------------+------------------------+----------------------+
|   1  Tesla V100-PCIE-32GB           Off |   00000000:D8:00.0 Off |                    0 |
| N/A   35C    P0             35W /  250W |    6937MiB /  32768MiB |      8%      Default |
|                                         |                        |                  N/A |
+-----------------------------------------+------------------------+----------------------+
                                                                                         
+-----------------------------------------------------------------------------------------+
| Processes:                                                                              |
|  GPU   GI   CI        PID   Type   Process name                              GPU Memory |
|        ID   ID                                                               Usage      |
|=========================================================================================|
|    1   N/A  N/A   2859918      C   ...p/pmc026/nchoong/quantum/bin/python       6934MiB |
+-----------------------------------------------------------------------------------------+
Input Notebook:  ./2_angle_rz_basic_qvc-tc.ipynb
Output Notebook: ./2_angle_rz_basic_qvc-tc.papermill.ipynb
Executing:   0%|          | 0/46 [00:00<?, ?cell/s]Executing notebook with kernel: python3
Executing:   2%|▏         | 1/46 [00:01<01:14,  1.66s/cell]2024-08-20 00:53:51.809887: I tensorflow/core/util/port.cc:153] oneDNN custom operations are on. You may see slightly different numerical results due to floating-point round-off errors from different computation orders. To turn them off, set the environment variable `TF_ENABLE_ONEDNN_OPTS=0`.
2024-08-20 00:53:51.841384: I tensorflow/core/platform/cpu_feature_guard.cc:210] This TensorFlow binary is optimized to use available CPU instructions in performance-critical operations.
To enable the following instructions: AVX2 AVX512F AVX512_VNNI FMA, in other operations, rebuild TensorFlow with the appropriate compiler flags.
Executing:   4%|▍         | 2/46 [00:07<03:07,  4.27s/cell]Executing:   9%|▊         | 4/46 [00:07<01:08,  1.63s/cell]Executing:  22%|██▏       | 10/46 [00:07<00:16,  2.19cell/s]Executing:  33%|███▎      | 15/46 [00:08<00:07,  3.93cell/s]Executing:  43%|████▎     | 20/46 [00:08<00:04,  6.17cell/s]Executing:  54%|█████▍    | 25/46 [00:08<00:02,  9.01cell/s]Executing:  63%|██████▎   | 29/46 [00:08<00:02,  8.26cell/s]Executing:  74%|███████▍  | 34/46 [00:09<00:01, 11.31cell/s]Executing:  83%|████████▎ | 38/46 [00:09<00:00, 13.91cell/s]Executing:  85%|████████▍ | 39/46 [00:20<00:00, 13.91cell/s]Executing:  87%|████████▋ | 40/46 [42:41:17<21:28:11, 12881.84s/cell]Executing:  89%|████████▉ | 41/46 [42:41:17<15:58:40, 11504.19s/cell]Executing:  96%|█████████▌| 44/46 [42:41:19<4:22:57, 7888.72s/cell]  Executing: 100%|██████████| 46/46 [42:41:20<00:00, 6071.46s/cell]  Executing: 100%|██████████| 46/46 [42:41:22<00:00, 3340.93s/cell]
mv /scratch/pmc026/nchoong/run_conda/480624 /group/pmc026/nchoong/QuantumTransformer/conda_results
Please see the /group/pmc026/nchoong/QuantumTransformer/conda_results directory for any output

Mothur MPI job started  at Tue Aug 20 00:53:46 AWST 2024
Mothur MPI job finished at Wed Aug 21 19:35:11 AWST 2024
