Working SCRATCH directory is /scratch/pmc026/nchoong/run_conda/513817
Results will be stored in /group/pmc026/nchoong/QuantumTransformer/conda_results/513817
SLURM_SUBMIT_DIR is
/group/pmc026/nchoong/QuantumTransformer
total 141
drwxrwxr-x  3 nchoong nchoong      0 Oct  1 22:50 .
drwxrwxr-x 10 nchoong nchoong      0 Oct  1 22:50 ..
-rw-r--r--  1 nchoong nchoong 142861 Oct  1 22:50 amazon-strong.ipynb
-rw-rw-r--  1 nchoong nchoong    173 Oct  1 22:50 config.py
drwxr-xr-x  4 nchoong nchoong      0 Oct  1 22:50 transformer
Tue Oct  1 22:50:30 2024       
+-----------------------------------------------------------------------------------------+
| NVIDIA-SMI 550.54.14              Driver Version: 550.54.14      CUDA Version: 12.4     |
|-----------------------------------------+------------------------+----------------------+
| GPU  Name                 Persistence-M | Bus-Id          Disp.A | Volatile Uncorr. ECC |
| Fan  Temp   Perf          Pwr:Usage/Cap |           Memory-Usage | GPU-Util  Compute M. |
|                                         |                        |               MIG M. |
|=========================================+========================+======================|
|   0  Tesla V100-PCIE-32GB           Off |   00000000:3B:00.0 Off |                    0 |
| N/A   31C    P0             21W /  250W |       0MiB /  32768MiB |      0%      Default |
|                                         |                        |                  N/A |
+-----------------------------------------+------------------------+----------------------+
|   1  Tesla V100-PCIE-32GB           Off |   00000000:D8:00.0 Off |                    0 |
| N/A   32C    P0             25W /  250W |       0MiB /  32768MiB |      0%      Default |
|                                         |                        |                  N/A |
+-----------------------------------------+------------------------+----------------------+
                                                                                         
+-----------------------------------------------------------------------------------------+
| Processes:                                                                              |
|  GPU   GI   CI        PID   Type   Process name                              GPU Memory |
|        ID   ID                                                               Usage      |
|=========================================================================================|
|  No running processes found                                                             |
+-----------------------------------------------------------------------------------------+
Input Notebook:  ./amazon-strong.ipynb
Output Notebook: ./amazon-strong.papermill.ipynb
Executing:   0%|          | 0/10 [00:00<?, ?cell/s]Executing notebook with kernel: python3
Executing:  10%|█         | 1/10 [00:02<00:22,  2.48s/cell]2024-10-01 22:50:41.217113: I tensorflow/core/util/port.cc:153] oneDNN custom operations are on. You may see slightly different numerical results due to floating-point round-off errors from different computation orders. To turn them off, set the environment variable `TF_ENABLE_ONEDNN_OPTS=0`.
2024-10-01 22:50:41.229260: E external/local_xla/xla/stream_executor/cuda/cuda_fft.cc:485] Unable to register cuFFT factory: Attempting to register factory for plugin cuFFT when one has already been registered
2024-10-01 22:50:41.244500: E external/local_xla/xla/stream_executor/cuda/cuda_dnn.cc:8454] Unable to register cuDNN factory: Attempting to register factory for plugin cuDNN when one has already been registered
2024-10-01 22:50:41.249114: E external/local_xla/xla/stream_executor/cuda/cuda_blas.cc:1452] Unable to register cuBLAS factory: Attempting to register factory for plugin cuBLAS when one has already been registered
2024-10-01 22:50:41.260609: I tensorflow/core/platform/cpu_feature_guard.cc:210] This TensorFlow binary is optimized to use available CPU instructions in performance-critical operations.
To enable the following instructions: AVX2 AVX512F AVX512_VNNI FMA, in other operations, rebuild TensorFlow with the appropriate compiler flags.
2024-10-01 22:50:44.093213: W tensorflow/compiler/tf2tensorrt/utils/py_utils.cc:38] TF-TRT Warning: Could not find TensorRT
Executing:  30%|███       | 3/10 [00:18<00:46,  6.68s/cell]Executing:  70%|███████   | 7/10 [38:32<19:34, 391.62s/cell]Executing:  90%|█████████ | 9/10 [10:28:28<1:40:44, 6044.56s/cell]Executing: 100%|██████████| 10/10 [10:28:30<00:00, 4901.29s/cell] Wait for final termination of kernel timed out - continuing...
Executing: 100%|██████████| 10/10 [10:28:40<00:00, 3772.04s/cell]
mv /scratch/pmc026/nchoong/run_conda/513817 /group/pmc026/nchoong/QuantumTransformer/conda_results
Please see the /group/pmc026/nchoong/QuantumTransformer/conda_results directory for any output

Mothur MPI job started  at Tue Oct  1 22:50:29 AWST 2024
Mothur MPI job finished at Wed Oct  2 09:19:12 AWST 2024
