Working SCRATCH directory is /scratch/pmc026/nchoong/run_conda/513816
Results will be stored in /group/pmc026/nchoong/QuantumTransformer/conda_results/513816
SLURM_SUBMIT_DIR is
/group/pmc026/nchoong/QuantumTransformer
total 140
drwxrwxr-x  3 nchoong nchoong      0 Oct  1 22:49 .
drwxrwxr-x 10 nchoong nchoong      0 Oct  1 22:49 ..
-rw-rw-r--  1 nchoong nchoong    173 Oct  1 22:49 config.py
drwxr-xr-x  4 nchoong nchoong      0 Oct  1 22:49 transformer
-rw-r--r--  1 nchoong nchoong 142464 Oct  1 22:49 yelp-strong.ipynb
Tue Oct  1 22:49:30 2024       
+-----------------------------------------------------------------------------------------+
| NVIDIA-SMI 550.54.14              Driver Version: 550.54.14      CUDA Version: 12.4     |
|-----------------------------------------+------------------------+----------------------+
| GPU  Name                 Persistence-M | Bus-Id          Disp.A | Volatile Uncorr. ECC |
| Fan  Temp   Perf          Pwr:Usage/Cap |           Memory-Usage | GPU-Util  Compute M. |
|                                         |                        |               MIG M. |
|=========================================+========================+======================|
|   0  Tesla V100-PCIE-32GB           Off |   00000000:3B:00.0 Off |                    0 |
| N/A   31C    P0             21W /  250W |       0MiB /  32768MiB |      0%      Default |
|                                         |                        |                  N/A |
+-----------------------------------------+------------------------+----------------------+
|   1  Tesla V100-PCIE-32GB           Off |   00000000:D8:00.0 Off |                    0 |
| N/A   32C    P0             25W /  250W |       0MiB /  32768MiB |      0%      Default |
|                                         |                        |                  N/A |
+-----------------------------------------+------------------------+----------------------+
                                                                                         
+-----------------------------------------------------------------------------------------+
| Processes:                                                                              |
|  GPU   GI   CI        PID   Type   Process name                              GPU Memory |
|        ID   ID                                                               Usage      |
|=========================================================================================|
|  No running processes found                                                             |
+-----------------------------------------------------------------------------------------+
Input Notebook:  ./yelp-strong.ipynb
Output Notebook: ./yelp-strong.papermill.ipynb
Executing:   0%|          | 0/11 [00:00<?, ?cell/s]Executing notebook with kernel: python3
Executing:   9%|▉         | 1/11 [00:02<00:24,  2.45s/cell]Executing:  27%|██▋       | 3/11 [00:02<00:05,  1.44cell/s]Executing:  27%|██▋       | 3/11 [00:02<00:07,  1.06cell/s]
Traceback (most recent call last):
  File "/group/pmc026/nchoong/qt/bin/papermill", line 8, in <module>
    sys.exit(papermill())
             ^^^^^^^^^^^
  File "/group/pmc026/nchoong/qt/lib/python3.11/site-packages/click/core.py", line 1157, in __call__
    return self.main(*args, **kwargs)
           ^^^^^^^^^^^^^^^^^^^^^^^^^^
  File "/group/pmc026/nchoong/qt/lib/python3.11/site-packages/click/core.py", line 1078, in main
    rv = self.invoke(ctx)
         ^^^^^^^^^^^^^^^^
  File "/group/pmc026/nchoong/qt/lib/python3.11/site-packages/click/core.py", line 1434, in invoke
    return ctx.invoke(self.callback, **ctx.params)
           ^^^^^^^^^^^^^^^^^^^^^^^^^^^^^^^^^^^^^^^
  File "/group/pmc026/nchoong/qt/lib/python3.11/site-packages/click/core.py", line 783, in invoke
    return __callback(*args, **kwargs)
           ^^^^^^^^^^^^^^^^^^^^^^^^^^^
  File "/group/pmc026/nchoong/qt/lib/python3.11/site-packages/click/decorators.py", line 33, in new_func
    return f(get_current_context(), *args, **kwargs)
           ^^^^^^^^^^^^^^^^^^^^^^^^^^^^^^^^^^^^^^^^^
  File "/group/pmc026/nchoong/qt/lib/python3.11/site-packages/papermill/cli.py", line 235, in papermill
    execute_notebook(
  File "/group/pmc026/nchoong/qt/lib/python3.11/site-packages/papermill/execute.py", line 131, in execute_notebook
    raise_for_execution_errors(nb, output_path)
  File "/group/pmc026/nchoong/qt/lib/python3.11/site-packages/papermill/execute.py", line 251, in raise_for_execution_errors
    raise error
papermill.exceptions.PapermillExecutionError: 
---------------------------------------------------------------------------
Exception encountered at "In [2]":
---------------------------------------------------------------------------
ModuleNotFoundError                       Traceback (most recent call last)
Cell In[2], line 1
----> 1 from transformer.pytorch.main_no_embed import main
      2 from transformer.pytorch.utils.plots import plot_metrics
      3 from transformer.pytorch.utils.load_dataloader import load_dataloader

ModuleNotFoundError: No module named 'transformer'

mv /scratch/pmc026/nchoong/run_conda/513816 /group/pmc026/nchoong/QuantumTransformer/conda_results
Please see the /group/pmc026/nchoong/QuantumTransformer/conda_results directory for any output

Mothur MPI job started  at Tue Oct  1 22:49:29 AWST 2024
Mothur MPI job finished at Tue Oct  1 22:49:35 AWST 2024
