Working SCRATCH directory is /scratch/pmc026/nchoong/run_conda/522176
Results will be stored in /group/pmc026/nchoong/QuantumTransformer/conda_results/522176
SLURM_SUBMIT_DIR is
/group/pmc026/nchoong/QuantumTransformer
total 277
drwxrwxr-x  3 nchoong nchoong      0 Oct  4 16:33 .
drwxrwxr-x 12 nchoong nchoong      0 Oct  4 16:33 ..
-rw-r--r--  1 nchoong nchoong 282760 Oct  4 16:33 amazon.ipynb
-rw-rw-r--  1 nchoong nchoong    173 Oct  4 16:33 config.py
drwxr-xr-x  4 nchoong nchoong      0 Oct  4 16:33 transformer
Fri Oct  4 16:33:11 2024       
+-----------------------------------------------------------------------------------------+
| NVIDIA-SMI 550.54.14              Driver Version: 550.54.14      CUDA Version: 12.4     |
|-----------------------------------------+------------------------+----------------------+
| GPU  Name                 Persistence-M | Bus-Id          Disp.A | Volatile Uncorr. ECC |
| Fan  Temp   Perf          Pwr:Usage/Cap |           Memory-Usage | GPU-Util  Compute M. |
|                                         |                        |               MIG M. |
|=========================================+========================+======================|
|   0  Tesla V100-PCIE-32GB           Off |   00000000:3B:00.0 Off |                    0 |
| N/A   30C    P0             23W /  250W |       0MiB /  32768MiB |      0%      Default |
|                                         |                        |                  N/A |
+-----------------------------------------+------------------------+----------------------+
|   1  Tesla V100-PCIE-32GB           Off |   00000000:D8:00.0 Off |                    0 |
| N/A   29C    P0             23W /  250W |       0MiB /  32768MiB |      0%      Default |
|                                         |                        |                  N/A |
+-----------------------------------------+------------------------+----------------------+
                                                                                         
+-----------------------------------------------------------------------------------------+
| Processes:                                                                              |
|  GPU   GI   CI        PID   Type   Process name                              GPU Memory |
|        ID   ID                                                               Usage      |
|=========================================================================================|
|  No running processes found                                                             |
+-----------------------------------------------------------------------------------------+
Input Notebook:  ./amazon.ipynb
Output Notebook: ./amazon.papermill.ipynb
Executing:   0%|          | 0/15 [00:00<?, ?cell/s]Executing notebook with kernel: python3
Executing:   7%|▋         | 1/15 [00:02<00:33,  2.37s/cell]2024-10-04 16:33:21.084847: I tensorflow/core/util/port.cc:153] oneDNN custom operations are on. You may see slightly different numerical results due to floating-point round-off errors from different computation orders. To turn them off, set the environment variable `TF_ENABLE_ONEDNN_OPTS=0`.
2024-10-04 16:33:21.098439: E external/local_xla/xla/stream_executor/cuda/cuda_fft.cc:485] Unable to register cuFFT factory: Attempting to register factory for plugin cuFFT when one has already been registered
2024-10-04 16:33:21.114311: E external/local_xla/xla/stream_executor/cuda/cuda_dnn.cc:8454] Unable to register cuDNN factory: Attempting to register factory for plugin cuDNN when one has already been registered
2024-10-04 16:33:21.119133: E external/local_xla/xla/stream_executor/cuda/cuda_blas.cc:1452] Unable to register cuBLAS factory: Attempting to register factory for plugin cuBLAS when one has already been registered
2024-10-04 16:33:21.131708: I tensorflow/core/platform/cpu_feature_guard.cc:210] This TensorFlow binary is optimized to use available CPU instructions in performance-critical operations.
To enable the following instructions: AVX2 AVX512F AVX512_VNNI FMA, in other operations, rebuild TensorFlow with the appropriate compiler flags.
2024-10-04 16:33:23.557206: W tensorflow/compiler/tf2tensorrt/utils/py_utils.cc:38] TF-TRT Warning: Could not find TensorRT
Executing:  20%|██        | 3/15 [00:16<01:11,  5.96s/cell]Executing:  47%|████▋     | 7/15 [39:00<52:51, 396.38s/cell]Executing:  60%|██████    | 9/15 [51:16<38:42, 387.12s/cell]Executing:  67%|██████▋   | 10/15 [51:16<26:10, 314.02s/cell]Executing:  80%|████████  | 12/15 [7:57:21<3:54:25, 4688.65s/cell]Executing:  87%|████████▋ | 13/15 [7:57:22<2:04:58, 3749.18s/cell]Executing:  93%|█████████▎| 14/15 [18:29:39<3:09:18, 11358.25s/cell]Executing: 100%|██████████| 15/15 [18:29:40<00:00, 8618.28s/cell]   Wait for final termination of kernel timed out - continuing...
Executing: 100%|██████████| 15/15 [18:29:51<00:00, 4439.40s/cell]
mv /scratch/pmc026/nchoong/run_conda/522176 /group/pmc026/nchoong/QuantumTransformer/conda_results
Please see the /group/pmc026/nchoong/QuantumTransformer/conda_results directory for any output

Mothur MPI job started  at Fri Oct  4 16:33:10 AWST 2024
Mothur MPI job finished at Sat Oct  5 11:03:04 AWST 2024
