Working SCRATCH directory is /scratch/pmc026/nchoong/run_conda/509073
Results will be stored in /group/pmc026/nchoong/QuantumTransformer/conda_results/509073
SLURM_SUBMIT_DIR is
/group/pmc026/nchoong/QuantumTransformer
total 275
drwxrwxr-x  3 nchoong nchoong      0 Sep 29 21:46 .
drwxrwxr-x 11 nchoong nchoong      0 Sep 29 21:46 ..
-rw-rw-r--  1 nchoong nchoong    173 Sep 29 21:46 config.py
drwxr-xr-x  4 nchoong nchoong      0 Sep 29 21:46 transformer
-rw-r--r--  1 nchoong nchoong 280916 Sep 29 21:46 yelp.ipynb
Sun Sep 29 21:46:27 2024       
+-----------------------------------------------------------------------------------------+
| NVIDIA-SMI 550.54.14              Driver Version: 550.54.14      CUDA Version: 12.4     |
|-----------------------------------------+------------------------+----------------------+
| GPU  Name                 Persistence-M | Bus-Id          Disp.A | Volatile Uncorr. ECC |
| Fan  Temp   Perf          Pwr:Usage/Cap |           Memory-Usage | GPU-Util  Compute M. |
|                                         |                        |               MIG M. |
|=========================================+========================+======================|
|   0  Tesla V100-PCIE-32GB           Off |   00000000:3B:00.0 Off |                    0 |
| N/A   38C    P0             38W /  250W |       0MiB /  32768MiB |      0%      Default |
|                                         |                        |                  N/A |
+-----------------------------------------+------------------------+----------------------+
|   1  Tesla V100-PCIE-32GB           Off |   00000000:D8:00.0 Off |                    0 |
| N/A   32C    P0             25W /  250W |       0MiB /  32768MiB |      0%      Default |
|                                         |                        |                  N/A |
+-----------------------------------------+------------------------+----------------------+
                                                                                         
+-----------------------------------------------------------------------------------------+
| Processes:                                                                              |
|  GPU   GI   CI        PID   Type   Process name                              GPU Memory |
|        ID   ID                                                               Usage      |
|=========================================================================================|
|  No running processes found                                                             |
+-----------------------------------------------------------------------------------------+
Input Notebook:  ./yelp.ipynb
Output Notebook: ./yelp.papermill.ipynb
Executing:   0%|          | 0/13 [00:00<?, ?cell/s]Executing notebook with kernel: python3
Executing:   8%|▊         | 1/13 [00:03<00:40,  3.35s/cell]2024-09-29 21:46:45.912998: I tensorflow/core/util/port.cc:153] oneDNN custom operations are on. You may see slightly different numerical results due to floating-point round-off errors from different computation orders. To turn them off, set the environment variable `TF_ENABLE_ONEDNN_OPTS=0`.
2024-09-29 21:46:45.955606: E external/local_xla/xla/stream_executor/cuda/cuda_fft.cc:485] Unable to register cuFFT factory: Attempting to register factory for plugin cuFFT when one has already been registered
2024-09-29 21:46:45.976685: E external/local_xla/xla/stream_executor/cuda/cuda_dnn.cc:8454] Unable to register cuDNN factory: Attempting to register factory for plugin cuDNN when one has already been registered
2024-09-29 21:46:45.983006: E external/local_xla/xla/stream_executor/cuda/cuda_blas.cc:1452] Unable to register cuBLAS factory: Attempting to register factory for plugin cuBLAS when one has already been registered
2024-09-29 21:46:46.008609: I tensorflow/core/platform/cpu_feature_guard.cc:210] This TensorFlow binary is optimized to use available CPU instructions in performance-critical operations.
To enable the following instructions: AVX2 AVX512F AVX512_VNNI FMA, in other operations, rebuild TensorFlow with the appropriate compiler flags.
2024-09-29 21:46:50.346399: W tensorflow/compiler/tf2tensorrt/utils/py_utils.cc:38] TF-TRT Warning: Could not find TensorRT
Executing:  23%|██▎       | 3/13 [00:29<01:46, 10.67s/cell]Executing:  54%|█████▍    | 7/13 [16:52<17:01, 170.32s/cell]Executing:  69%|██████▉   | 9/13 [27:01<14:16, 214.09s/cell]Executing:  77%|███████▋  | 10/13 [27:02<08:41, 173.70s/cell]Executing:  92%|█████████▏| 12/13 [5:11:03<51:42, 3102.28s/cell]Executing: 100%|██████████| 13/13 [5:11:03<00:00, 2480.76s/cell]Executing: 100%|██████████| 13/13 [5:11:12<00:00, 1436.37s/cell]
mv /scratch/pmc026/nchoong/run_conda/509073 /group/pmc026/nchoong/QuantumTransformer/conda_results
Please see the /group/pmc026/nchoong/QuantumTransformer/conda_results directory for any output

Mothur MPI job started  at Sun Sep 29 21:46:26 AWST 2024
Mothur MPI job finished at Mon Sep 30 02:57:43 AWST 2024
